<?xml version="1.0" encoding="UTF-8"?>
<!-- Generated by org.testng.reporters.JUnitReportReporter -->
<testsuite hostname="DESKTOP-6NU5EMH" failures="0" tests="2" name="temptestpack.TestNgClass" time="24.983" errors="0" timestamp="2022-09-08T10:32:01 IST" skipped="0">
  <testcase classname="temptestpack.TestNgClass" name="test" time="15.065"/>
  <system-out/>
  <testcase classname="temptestpack.TestNgClass" name="test123" time="9.918"/>
  <system-out/>
</testsuite> <!-- temptestpack.TestNgClass -->
